22:09:10,094  INFO XmlBeanDefinitionReader:315 - Loading XML bean definitions from class path resource [spring/applicationContext.xml]
22:09:10,779  INFO XmlBeanDefinitionReader:315 - Loading XML bean definitions from class path resource [spring/hibernateContext.xml]
22:09:10,810  INFO XmlBeanDefinitionReader:315 - Loading XML bean definitions from class path resource [spring/propertiesContext.xml]
22:09:11,329  INFO SpringSecurityCoreVersion:33 - You are running with Spring Security Core 3.1.4.RELEASE
22:09:11,330  INFO SecurityNamespaceHandler:59 - Spring Security 'config' module version is 3.1.4.RELEASE
22:09:11,468  INFO AuthenticationConfigBuilder:465 - No login page configured. The default internal one will be used. Use the 'login-page' attribute to set the URL of the login page.
22:09:11,476  INFO HttpSecurityBeanDefinitionParser:264 - Checking sorted filter chain: [Root bean: class [org.springframework.security.web.context.SecurityContextPersistenceFilter]; scope=; abstract=false; lazyInit=false; autowireMode=0; dependencyCheck=0; autowireCandidate=true; primary=false; factoryBeanName=null; factoryMethodName=null; initMethodName=null; destroyMethodName=null, order = 200, Root bean: class [org.springframework.security.web.authentication.logout.LogoutFilter]; scope=; abstract=false; lazyInit=false; autowireMode=0; dependencyCheck=0; autowireCandidate=true; primary=false; factoryBeanName=null; factoryMethodName=null; initMethodName=null; destroyMethodName=null, order = 400, <org.springframework.security.web.authentication.UsernamePasswordAuthenticationFilter#0>, order = 800, Root bean: class [org.springframework.security.web.authentication.ui.DefaultLoginPageGeneratingFilter]; scope=; abstract=false; lazyInit=false; autowireMode=0; dependencyCheck=0; autowireCandidate=true; primary=false; factoryBeanName=null; factoryMethodName=null; initMethodName=null; destroyMethodName=null, order = 1000, Root bean: class [org.springframework.security.web.authentication.www.BasicAuthenticationFilter]; scope=; abstract=false; lazyInit=false; autowireMode=0; dependencyCheck=0; autowireCandidate=true; primary=false; factoryBeanName=null; factoryMethodName=null; initMethodName=null; destroyMethodName=null, order = 1200, Root bean: class [org.springframework.security.web.savedrequest.RequestCacheAwareFilter]; scope=; abstract=false; lazyInit=false; autowireMode=0; dependencyCheck=0; autowireCandidate=true; primary=false; factoryBeanName=null; factoryMethodName=null; initMethodName=null; destroyMethodName=null, order = 1300, Root bean: class [org.springframework.security.web.servletapi.SecurityContextHolderAwareRequestFilter]; scope=; abstract=false; lazyInit=false; autowireMode=0; dependencyCheck=0; autowireCandidate=true; primary=false; factoryBeanName=null; factoryMethodName=null; initMethodName=null; destroyMethodName=null, order = 1400, Root bean: class [org.springframework.security.web.authentication.AnonymousAuthenticationFilter]; scope=; abstract=false; lazyInit=false; autowireMode=0; dependencyCheck=0; autowireCandidate=true; primary=false; factoryBeanName=null; factoryMethodName=null; initMethodName=null; destroyMethodName=null, order = 1700, Root bean: class [org.springframework.security.web.session.SessionManagementFilter]; scope=; abstract=false; lazyInit=false; autowireMode=0; dependencyCheck=0; autowireCandidate=true; primary=false; factoryBeanName=null; factoryMethodName=null; initMethodName=null; destroyMethodName=null, order = 1800, Root bean: class [org.springframework.security.web.access.ExceptionTranslationFilter]; scope=; abstract=false; lazyInit=false; autowireMode=0; dependencyCheck=0; autowireCandidate=true; primary=false; factoryBeanName=null; factoryMethodName=null; initMethodName=null; destroyMethodName=null, order = 1900, <org.springframework.security.web.access.intercept.FilterSecurityInterceptor#0>, order = 2000]
22:09:11,487  INFO GenericWebApplicationContext:510 - Refreshing org.springframework.web.context.support.GenericWebApplicationContext@280352ec: startup date [Tue Jun 03 22:09:11 CEST 2014]; root of context hierarchy
22:09:11,853  INFO PropertyPlaceholderConfigurer:172 - Loading properties file from class path resource [hsql_database.properties]
22:09:12,023  INFO GenericWebApplicationContext:1374 - Bean 'validator' of type [class org.springframework.validation.beanvalidation.LocalValidatorFactoryBean] is not eligible for getting processed by all BeanPostProcessors (for example: not eligible for auto-proxying)
22:09:12,117  INFO DriverManagerDataSource:153 - Loaded JDBC driver: org.hsqldb.jdbcDriver
22:09:12,208  INFO LocalContainerEntityManagerFactoryBean:285 - Building JPA container EntityManagerFactory for persistence unit 'default'
22:09:12,476  INFO Version:37 - HCANN000001: Hibernate Commons Annotations {4.0.1.Final}
22:09:12,488  INFO Version:41 - HHH000412: Hibernate Core {4.1.5.Final}
22:09:12,491  INFO Environment:239 - HHH000206: hibernate.properties not found
22:09:12,494  INFO Environment:342 - HHH000021: Bytecode provider name : javassist
22:09:12,692  WARN Ejb3Configuration:1312 - HHH000059: Defining hibernate.transaction.flush_before_completion=true ignored in HEM
22:09:12,707  WARN Ejb3Configuration:1132 - HHH000144: hibernate.connection.autocommit = false breaks the EJB3 specification
22:09:13,149  INFO ConnectionProviderInitiator:188 - HHH000130: Instantiating explicit connection provider: org.hibernate.ejb.connection.InjectedDataSourceConnectionProvider
22:09:13,594  INFO Dialect:125 - HHH000400: Using dialect: org.hibernate.dialect.HSQLDialect
22:09:13,645  INFO TransactionFactoryInitiator:73 - HHH000268: Transaction strategy: org.hibernate.engine.transaction.internal.jdbc.JdbcTransactionFactory
22:09:13,656  INFO ASTQueryTranslatorFactory:48 - HHH000397: Using ASTQueryTranslatorFactory
22:09:14,087  INFO SchemaExport:343 - HHH000227: Running hbm2ddl schema export
22:09:14,093 ERROR SchemaExport:425 - HHH000389: Unsuccessful: alter table item drop constraint FK317B139122AF03
22:09:14,093 ERROR SchemaExport:426 - user lacks privilege or object not found: PUBLIC.ITEM
22:09:14,101  INFO SchemaExport:405 - HHH000230: Schema export complete
22:09:14,177  INFO DefaultListableBeanFactory:598 - Pre-instantiating singletons in org.springframework.beans.factory.support.DefaultListableBeanFactory@507062f6: defining beans [org.springframework.beans.factory.config.PropertyPlaceholderConfigurer#0,myEmf,dataSource,org.springframework.aop.config.internalAutoProxyCreator,org.springframework.transaction.annotation.AnnotationTransactionAttributeSource#0,org.springframework.transaction.interceptor.TransactionInterceptor#0,org.springframework.transaction.config.internalTransactionAdvisor,transactionManager,shouldSaveItemSteps,apiItemAdminController,apiItemController,apiUserController,apiUserDetailsController,mainController,uiController,uiUserController,itemDaoImpl,userDaoImpl,itemAdminService,itemService,userService,authentication,exceptionsResolver,org.springframework.context.annotation.internalConfigurationAnnotationProcessor,org.springframework.context.annotation.internalAutowiredAnnotationProcessor,org.springframework.context.annotation.internalRequiredAnnotationProcessor,org.springframework.context.annotation.internalCommonAnnotationProcessor,org.springframework.context.annotation.internalPersistenceAnnotationProcessor,org.springframework.web.servlet.view.InternalResourceViewResolver#0,mvcContentNegotiationManager,org.springframework.web.servlet.mvc.method.annotation.RequestMappingHandlerMapping#0,org.springframework.format.support.FormattingConversionServiceFactoryBean#0,org.springframework.validation.beanvalidation.LocalValidatorFactoryBean#0,org.springframework.web.servlet.mvc.method.annotation.RequestMappingHandlerAdapter#0,org.springframework.web.servlet.handler.MappedInterceptor#0,org.springframework.web.servlet.mvc.method.annotation.ExceptionHandlerExceptionResolver#0,org.springframework.web.servlet.mvc.annotation.ResponseStatusExceptionResolver#0,org.springframework.web.servlet.mvc.support.DefaultHandlerExceptionResolver#0,org.springframework.web.servlet.handler.BeanNameUrlHandlerMapping,org.springframework.web.servlet.mvc.HttpRequestHandlerAdapter,org.springframework.web.servlet.mvc.SimpleControllerHandlerAdapter,org.springframework.security.filterChains,org.springframework.security.filterChainProxy,org.springframework.security.web.PortMapperImpl#0,org.springframework.security.web.PortResolverImpl#0,org.springframework.security.config.authentication.AuthenticationManagerFactoryBean#0,org.springframework.security.authentication.ProviderManager#0,org.springframework.security.web.context.HttpSessionSecurityContextRepository#0,org.springframework.security.web.authentication.session.SessionFixationProtectionStrategy#0,org.springframework.security.web.savedrequest.HttpSessionRequestCache#0,org.springframework.security.access.vote.AffirmativeBased#0,org.springframework.security.web.access.intercept.FilterSecurityInterceptor#0,org.springframework.security.web.access.DefaultWebInvocationPrivilegeEvaluator#0,org.springframework.security.authentication.AnonymousAuthenticationProvider#0,org.springframework.security.web.authentication.www.BasicAuthenticationEntryPoint#0,org.springframework.security.web.authentication.UsernamePasswordAuthenticationFilter#0,org.springframework.security.userDetailsServiceFactory,org.springframework.security.web.DefaultSecurityFilterChain#0,org.springframework.security.authentication.dao.DaoAuthenticationProvider#0,org.springframework.security.authentication.DefaultAuthenticationEventPublisher#0,org.springframework.security.authenticationManager,validator,processor,org.springframework.context.annotation.ConfigurationClassPostProcessor.importAwareProcessor]; root of factory hierarchy
22:09:14,781  INFO DefaultSecurityFilterChain:28 - Creating filter chain: org.springframework.security.web.util.AnyRequestMatcher@1, [org.springframework.security.web.context.SecurityContextPersistenceFilter@2577d09e, org.springframework.security.web.authentication.logout.LogoutFilter@5d214849, org.springframework.security.web.authentication.UsernamePasswordAuthenticationFilter@3410e063, org.springframework.security.web.authentication.ui.DefaultLoginPageGeneratingFilter@3ffb9e49, org.springframework.security.web.authentication.www.BasicAuthenticationFilter@2054eb70, org.springframework.security.web.savedrequest.RequestCacheAwareFilter@272d16a5, org.springframework.security.web.servletapi.SecurityContextHolderAwareRequestFilter@129bebb, org.springframework.security.web.authentication.AnonymousAuthenticationFilter@5ba8e795, org.springframework.security.web.session.SessionManagementFilter@2dfc1636, org.springframework.security.web.access.ExceptionTranslationFilter@1164ad0, org.springframework.security.web.access.intercept.FilterSecurityInterceptor@5e899e3e]
22:09:15,329  INFO RequestMappingHandlerMapping:179 - Mapped "{[/api/admin/items],methods=[POST],params=[],headers=[],consumes=[application/json],produces=[application/json],custom=[]}" onto public org.springframework.http.ResponseEntity com.vhealth.api.controller.ApiItemAdminController.jsonCreateItem(com.vhealth.api.entity.Item) throws com.fasterxml.jackson.core.JsonParseException
22:09:15,330  INFO RequestMappingHandlerMapping:179 - Mapped "{[/api/admin/items/{itemId}],methods=[PUT],params=[],headers=[],consumes=[application/json],produces=[application/json],custom=[]}" onto public org.springframework.http.ResponseEntity com.vhealth.api.controller.ApiItemAdminController.jsonUpdateItem(com.vhealth.api.entity.Item,int) throws com.fasterxml.jackson.core.JsonParseException
22:09:15,331  INFO RequestMappingHandlerMapping:179 - Mapped "{[/api/admin/items/{itemId}],methods=[DELETE],params=[],headers=[],consumes=[],produces=[],custom=[]}" onto public org.springframework.http.ResponseEntity com.vhealth.api.controller.ApiItemAdminController.jsonDeleteItem(int)
22:09:15,331  INFO RequestMappingHandlerMapping:179 - Mapped "{[/api/admin/items],methods=[GET],params=[],headers=[],consumes=[],produces=[application/json],custom=[]}" onto public java.util.List<com.vhealth.api.entity.Item> com.vhealth.api.controller.ApiItemAdminController.jsonItems()
22:09:15,333  INFO RequestMappingHandlerMapping:179 - Mapped "{[/api/admin/items/{itemId}],methods=[GET],params=[],headers=[],consumes=[],produces=[application/json],custom=[]}" onto public com.vhealth.api.entity.Item com.vhealth.api.controller.ApiItemAdminController.jsonItem(int)
22:09:15,335  INFO RequestMappingHandlerMapping:179 - Mapped "{[/api/items//{itemId}],methods=[DELETE],params=[],headers=[],consumes=[],produces=[],custom=[]}" onto public org.springframework.http.ResponseEntity com.vhealth.api.controller.ApiItemController.jsonDeleteItem(int)
22:09:15,336  INFO RequestMappingHandlerMapping:179 - Mapped "{[/api/items/],methods=[POST],params=[],headers=[],consumes=[application/json],produces=[application/json],custom=[]}" onto public org.springframework.http.ResponseEntity com.vhealth.api.controller.ApiItemController.jsonCreateItemDto(com.vhealth.api.dto.ItemDto) throws com.fasterxml.jackson.core.JsonParseException
22:09:15,337  INFO RequestMappingHandlerMapping:179 - Mapped "{[/api/items//{itemId}],methods=[PUT],params=[],headers=[],consumes=[application/json],produces=[application/json],custom=[]}" onto public org.springframework.http.ResponseEntity com.vhealth.api.controller.ApiItemController.jsonUpdateItemDto(com.vhealth.api.dto.ItemDto,int) throws com.fasterxml.jackson.core.JsonParseException
22:09:15,337  INFO RequestMappingHandlerMapping:179 - Mapped "{[/api/items//{itemId}],methods=[GET],params=[],headers=[],consumes=[],produces=[application/json],custom=[]}" onto public com.vhealth.api.dto.ItemDto com.vhealth.api.controller.ApiItemController.jsonItemDto(int)
22:09:15,338  INFO RequestMappingHandlerMapping:179 - Mapped "{[/api/items//name/{itemName}],methods=[GET],params=[],headers=[],consumes=[],produces=[application/json],custom=[]}" onto public com.vhealth.api.dto.ItemDto com.vhealth.api.controller.ApiItemController.jsonItemDto(java.lang.String)
22:09:15,339  INFO RequestMappingHandlerMapping:179 - Mapped "{[/api/items/],methods=[GET],params=[],headers=[],consumes=[],produces=[application/json],custom=[]}" onto public java.util.List<com.vhealth.api.dto.ItemDto> com.vhealth.api.controller.ApiItemController.jsonItemsDto()
22:09:15,342  INFO RequestMappingHandlerMapping:179 - Mapped "{[/api/users],methods=[POST],params=[],headers=[],consumes=[application/json],produces=[application/json],custom=[]}" onto public org.springframework.http.ResponseEntity com.vhealth.api.controller.ApiUserController.jsonCreateUser(com.vhealth.api.dto.UserDtoSave) throws com.fasterxml.jackson.core.JsonProcessingException
22:09:15,342  INFO RequestMappingHandlerMapping:179 - Mapped "{[/api/users/{userName}],methods=[PUT],params=[],headers=[],consumes=[application/json],produces=[],custom=[]}" onto public org.springframework.http.ResponseEntity<com.vhealth.api.dto.UserDto> com.vhealth.api.controller.ApiUserController.jsonUpdateUser(com.vhealth.api.dto.UserDto,java.lang.String)
22:09:15,343  INFO RequestMappingHandlerMapping:179 - Mapped "{[/api/users/{userName}/admin],methods=[PUT],params=[],headers=[],consumes=[application/json],produces=[],custom=[]}" onto public org.springframework.http.ResponseEntity<java.lang.String> com.vhealth.api.controller.ApiUserController.jsonChangeUserAdminRights(java.lang.Boolean,java.lang.String)
22:09:15,344  INFO RequestMappingHandlerMapping:179 - Mapped "{[/api/users/{userName}/admin],methods=[GET],params=[],headers=[],consumes=[],produces=[application/json],custom=[]}" onto public org.springframework.http.ResponseEntity<java.lang.String> com.vhealth.api.controller.ApiUserController.jsonCheckUserAdminRights(java.lang.String)
22:09:15,345  INFO RequestMappingHandlerMapping:179 - Mapped "{[/api/users/{userName}],methods=[DELETE],params=[],headers=[],consumes=[],produces=[],custom=[]}" onto public org.springframework.http.ResponseEntity<java.lang.String> com.vhealth.api.controller.ApiUserController.jsonDeleteUser(java.lang.String)
22:09:15,347  INFO RequestMappingHandlerMapping:179 - Mapped "{[/api/users/{userName}],methods=[GET],params=[],headers=[],consumes=[],produces=[application/json],custom=[]}" onto public com.vhealth.api.dto.UserDto com.vhealth.api.controller.ApiUserController.jsonUser(java.lang.String)
22:09:15,348  INFO RequestMappingHandlerMapping:179 - Mapped "{[/api/users],methods=[GET],params=[],headers=[],consumes=[],produces=[application/json],custom=[]}" onto public java.util.List<com.vhealth.api.dto.UserDto> com.vhealth.api.controller.ApiUserController.jsonUsers()
22:09:15,349  INFO RequestMappingHandlerMapping:179 - Mapped "{[/api/userDetails],methods=[GET],params=[],headers=[],consumes=[],produces=[application/json],custom=[]}" onto public com.vhealth.api.dto.UserDto com.vhealth.api.controller.ApiUserDetailsController.returnCurrentUser(java.security.Principal)
22:09:15,350  INFO RequestMappingHandlerMapping:179 - Mapped "{[/api/userDetails/items],methods=[GET],params=[],headers=[],consumes=[],produces=[application/json],custom=[]}" onto public java.util.List<com.vhealth.api.entity.Item> com.vhealth.api.controller.ApiUserDetailsController.returnCurrentUserItems()
22:09:15,351  INFO RequestMappingHandlerMapping:179 - Mapped "{[/],methods=[GET],params=[],headers=[],consumes=[],produces=[],custom=[]}" onto public java.lang.String com.vhealth.api.controller.MainController.showUserForm(org.springframework.ui.Model)
22:09:15,352  INFO RequestMappingHandlerMapping:179 - Mapped "{[/ui],methods=[GET],params=[],headers=[],consumes=[],produces=[],custom=[]}" onto public java.lang.String com.vhealth.api.controller.UiController.showUserForm(org.springframework.ui.Model)
22:09:15,354  INFO RequestMappingHandlerMapping:179 - Mapped "{[/ui/users/create],methods=[POST],params=[],headers=[],consumes=[],produces=[],custom=[]}" onto public java.lang.String com.vhealth.api.controller.UiUserController.saveUser(org.springframework.ui.Model,com.vhealth.api.dto.UserDto,org.springframework.web.servlet.mvc.support.RedirectAttributes)
22:09:15,355  INFO RequestMappingHandlerMapping:179 - Mapped "{[/ui/users/create],methods=[GET],params=[],headers=[],consumes=[],produces=[],custom=[]}" onto public java.lang.String com.vhealth.api.controller.UiUserController.saveUser(org.springframework.ui.Model)
22:09:15,355  INFO RequestMappingHandlerMapping:179 - Mapped "{[/ui/users/{userName}/edit],methods=[GET],params=[],headers=[],consumes=[],produces=[],custom=[]}" onto public java.lang.String com.vhealth.api.controller.UiUserController.updateUser(org.springframework.ui.Model,java.lang.String)
22:09:15,356  INFO RequestMappingHandlerMapping:179 - Mapped "{[/ui/users/{userName}/update],methods=[POST],params=[],headers=[],consumes=[],produces=[],custom=[]}" onto public java.lang.String com.vhealth.api.controller.UiUserController.updateUser(org.springframework.ui.Model,com.vhealth.api.dto.UserDto,org.springframework.web.servlet.mvc.support.RedirectAttributes)
22:09:15,356  INFO RequestMappingHandlerMapping:179 - Mapped "{[/ui/users],methods=[GET],params=[],headers=[],consumes=[],produces=[],custom=[]}" onto public java.lang.String com.vhealth.api.controller.UiUserController.showUsersForm(org.springframework.ui.Model)
22:09:15,357  INFO RequestMappingHandlerMapping:179 - Mapped "{[/ui/users],methods=[POST],params=[],headers=[],consumes=[],produces=[],custom=[]}" onto public java.lang.String com.vhealth.api.controller.UiUserController.searchUser(org.springframework.ui.Model,java.lang.String)
22:09:15,358  INFO RequestMappingHandlerMapping:179 - Mapped "{[/ui/users/{userName}],methods=[GET],params=[],headers=[],consumes=[],produces=[],custom=[]}" onto public java.lang.String com.vhealth.api.controller.UiUserController.showUser(org.springframework.ui.Model,java.lang.String)
22:09:15,358  INFO RequestMappingHandlerMapping:179 - Mapped "{[/ui/users/{userName}/delete],methods=[GET],params=[],headers=[],consumes=[],produces=[],custom=[]}" onto public java.lang.String com.vhealth.api.controller.UiUserController.deleteUser(org.springframework.ui.Model,java.lang.String,org.springframework.web.servlet.mvc.support.RedirectAttributes)
22:09:16,770  INFO MockServletContext:390 - Initializing Spring FrameworkServlet ''
22:09:16,770  INFO TestDispatcherServlet:454 - FrameworkServlet '': initialization started
22:09:16,810  INFO TestDispatcherServlet:473 - FrameworkServlet '': initialization completed in 40 ms
22:09:17,656  INFO MockServletContext:390 - Initializing Spring FrameworkServlet ''
22:09:17,657  INFO TestDispatcherServlet:454 - FrameworkServlet '': initialization started
22:09:17,678  INFO TestDispatcherServlet:473 - FrameworkServlet '': initialization completed in 21 ms
22:09:17,854  INFO MockServletContext:390 - Initializing Spring FrameworkServlet ''
22:09:17,854  INFO TestDispatcherServlet:454 - FrameworkServlet '': initialization started
22:09:17,865  INFO TestDispatcherServlet:473 - FrameworkServlet '': initialization completed in 11 ms
22:09:18,069  INFO MockServletContext:390 - Initializing Spring FrameworkServlet ''
22:09:18,070  INFO TestDispatcherServlet:454 - FrameworkServlet '': initialization started
22:09:18,091  INFO TestDispatcherServlet:473 - FrameworkServlet '': initialization completed in 20 ms
22:09:18,334  INFO MockServletContext:390 - Initializing Spring FrameworkServlet ''
22:09:18,334  INFO TestDispatcherServlet:454 - FrameworkServlet '': initialization started
22:09:18,344  INFO TestDispatcherServlet:473 - FrameworkServlet '': initialization completed in 9 ms
22:09:18,815  INFO MockServletContext:390 - Initializing Spring FrameworkServlet ''
22:09:18,816  INFO TestDispatcherServlet:454 - FrameworkServlet '': initialization started
22:09:18,826  INFO TestDispatcherServlet:473 - FrameworkServlet '': initialization completed in 10 ms
22:09:18,922  INFO MockServletContext:390 - Initializing Spring FrameworkServlet ''
22:09:18,922  INFO TestDispatcherServlet:454 - FrameworkServlet '': initialization started
22:09:18,933  INFO TestDispatcherServlet:473 - FrameworkServlet '': initialization completed in 11 ms
22:09:19,077  INFO MockServletContext:390 - Initializing Spring FrameworkServlet ''
22:09:19,077  INFO TestDispatcherServlet:454 - FrameworkServlet '': initialization started
22:09:19,088  INFO TestDispatcherServlet:473 - FrameworkServlet '': initialization completed in 11 ms
22:09:19,234  INFO MockServletContext:390 - Initializing Spring FrameworkServlet ''
22:09:19,235  INFO TestDispatcherServlet:454 - FrameworkServlet '': initialization started
22:09:19,244  INFO TestDispatcherServlet:473 - FrameworkServlet '': initialization completed in 8 ms
22:09:19,435  INFO MockServletContext:390 - Initializing Spring FrameworkServlet ''
22:09:19,435  INFO TestDispatcherServlet:454 - FrameworkServlet '': initialization started
22:09:19,450  INFO TestDispatcherServlet:473 - FrameworkServlet '': initialization completed in 14 ms
22:09:19,593  INFO MockServletContext:390 - Initializing Spring FrameworkServlet ''
22:09:19,593  INFO TestDispatcherServlet:454 - FrameworkServlet '': initialization started
22:09:19,639  INFO TestDispatcherServlet:473 - FrameworkServlet '': initialization completed in 46 ms
22:09:19,731  INFO MockServletContext:390 - Initializing Spring FrameworkServlet ''
22:09:19,731  INFO TestDispatcherServlet:454 - FrameworkServlet '': initialization started
22:09:19,749  INFO TestDispatcherServlet:473 - FrameworkServlet '': initialization completed in 18 ms
22:09:19,911  INFO MockServletContext:390 - Initializing Spring FrameworkServlet ''
22:09:19,912  INFO TestDispatcherServlet:454 - FrameworkServlet '': initialization started
22:09:19,929  INFO TestDispatcherServlet:473 - FrameworkServlet '': initialization completed in 17 ms
22:09:20,007  INFO MockServletContext:390 - Initializing Spring FrameworkServlet ''
22:09:20,007  INFO TestDispatcherServlet:454 - FrameworkServlet '': initialization started
22:09:20,018  INFO TestDispatcherServlet:473 - FrameworkServlet '': initialization completed in 11 ms
22:09:20,126  INFO MockServletContext:390 - Initializing Spring FrameworkServlet ''
22:09:20,126  INFO TestDispatcherServlet:454 - FrameworkServlet '': initialization started
22:09:20,136  INFO TestDispatcherServlet:473 - FrameworkServlet '': initialization completed in 10 ms
22:09:20,231  INFO MockServletContext:390 - Initializing Spring FrameworkServlet ''
22:09:20,232  INFO TestDispatcherServlet:454 - FrameworkServlet '': initialization started
22:09:20,241  INFO TestDispatcherServlet:473 - FrameworkServlet '': initialization completed in 9 ms
22:09:20,350  INFO MockServletContext:390 - Initializing Spring FrameworkServlet ''
22:09:20,350  INFO TestDispatcherServlet:454 - FrameworkServlet '': initialization started
22:09:20,359  INFO TestDispatcherServlet:473 - FrameworkServlet '': initialization completed in 9 ms
22:09:20,440  INFO MockServletContext:390 - Initializing Spring FrameworkServlet ''
22:09:20,441  INFO TestDispatcherServlet:454 - FrameworkServlet '': initialization started
22:09:20,451  INFO TestDispatcherServlet:473 - FrameworkServlet '': initialization completed in 10 ms
22:09:20,805  INFO GenericWebApplicationContext:1042 - Closing org.springframework.web.context.support.GenericWebApplicationContext@280352ec: startup date [Tue Jun 03 22:09:11 CEST 2014]; root of context hierarchy
22:09:20,808  INFO DefaultListableBeanFactory:444 - Destroying singletons in org.springframework.beans.factory.support.DefaultListableBeanFactory@507062f6: defining beans [org.springframework.beans.factory.config.PropertyPlaceholderConfigurer#0,myEmf,dataSource,org.springframework.aop.config.internalAutoProxyCreator,org.springframework.transaction.annotation.AnnotationTransactionAttributeSource#0,org.springframework.transaction.interceptor.TransactionInterceptor#0,org.springframework.transaction.config.internalTransactionAdvisor,transactionManager,shouldSaveItemSteps,apiItemAdminController,apiItemController,apiUserController,apiUserDetailsController,mainController,uiController,uiUserController,itemDaoImpl,userDaoImpl,itemAdminService,itemService,userService,authentication,exceptionsResolver,org.springframework.context.annotation.internalConfigurationAnnotationProcessor,org.springframework.context.annotation.internalAutowiredAnnotationProcessor,org.springframework.context.annotation.internalRequiredAnnotationProcessor,org.springframework.context.annotation.internalCommonAnnotationProcessor,org.springframework.context.annotation.internalPersistenceAnnotationProcessor,org.springframework.web.servlet.view.InternalResourceViewResolver#0,mvcContentNegotiationManager,org.springframework.web.servlet.mvc.method.annotation.RequestMappingHandlerMapping#0,org.springframework.format.support.FormattingConversionServiceFactoryBean#0,org.springframework.validation.beanvalidation.LocalValidatorFactoryBean#0,org.springframework.web.servlet.mvc.method.annotation.RequestMappingHandlerAdapter#0,org.springframework.web.servlet.handler.MappedInterceptor#0,org.springframework.web.servlet.mvc.method.annotation.ExceptionHandlerExceptionResolver#0,org.springframework.web.servlet.mvc.annotation.ResponseStatusExceptionResolver#0,org.springframework.web.servlet.mvc.support.DefaultHandlerExceptionResolver#0,org.springframework.web.servlet.handler.BeanNameUrlHandlerMapping,org.springframework.web.servlet.mvc.HttpRequestHandlerAdapter,org.springframework.web.servlet.mvc.SimpleControllerHandlerAdapter,org.springframework.security.filterChains,org.springframework.security.filterChainProxy,org.springframework.security.web.PortMapperImpl#0,org.springframework.security.web.PortResolverImpl#0,org.springframework.security.config.authentication.AuthenticationManagerFactoryBean#0,org.springframework.security.authentication.ProviderManager#0,org.springframework.security.web.context.HttpSessionSecurityContextRepository#0,org.springframework.security.web.authentication.session.SessionFixationProtectionStrategy#0,org.springframework.security.web.savedrequest.HttpSessionRequestCache#0,org.springframework.security.access.vote.AffirmativeBased#0,org.springframework.security.web.access.intercept.FilterSecurityInterceptor#0,org.springframework.security.web.access.DefaultWebInvocationPrivilegeEvaluator#0,org.springframework.security.authentication.AnonymousAuthenticationProvider#0,org.springframework.security.web.authentication.www.BasicAuthenticationEntryPoint#0,org.springframework.security.web.authentication.UsernamePasswordAuthenticationFilter#0,org.springframework.security.userDetailsServiceFactory,org.springframework.security.web.DefaultSecurityFilterChain#0,org.springframework.security.authentication.dao.DaoAuthenticationProvider#0,org.springframework.security.authentication.DefaultAuthenticationEventPublisher#0,org.springframework.security.authenticationManager,validator,processor,org.springframework.context.annotation.ConfigurationClassPostProcessor.importAwareProcessor]; root of factory hierarchy
22:09:20,824  INFO LocalContainerEntityManagerFactoryBean:441 - Closing JPA EntityManagerFactory for persistence unit 'default'
22:09:20,827  INFO SchemaExport:343 - HHH000227: Running hbm2ddl schema export
22:09:20,838  INFO SchemaExport:405 - HHH000230: Schema export complete
22:09:26,456  INFO XmlBeanDefinitionReader:315 - Loading XML bean definitions from class path resource [spring/applicationContext.xml]
22:09:27,085  INFO XmlBeanDefinitionReader:315 - Loading XML bean definitions from class path resource [spring/hibernateContext.xml]
22:09:27,118  INFO XmlBeanDefinitionReader:315 - Loading XML bean definitions from class path resource [spring/propertiesContext.xml]
22:09:27,519  INFO SpringSecurityCoreVersion:33 - You are running with Spring Security Core 3.1.4.RELEASE
22:09:27,520  INFO SecurityNamespaceHandler:59 - Spring Security 'config' module version is 3.1.4.RELEASE
22:09:27,605  INFO AuthenticationConfigBuilder:465 - No login page configured. The default internal one will be used. Use the 'login-page' attribute to set the URL of the login page.
22:09:27,613  INFO HttpSecurityBeanDefinitionParser:264 - Checking sorted filter chain: [Root bean: class [org.springframework.security.web.context.SecurityContextPersistenceFilter]; scope=; abstract=false; lazyInit=false; autowireMode=0; dependencyCheck=0; autowireCandidate=true; primary=false; factoryBeanName=null; factoryMethodName=null; initMethodName=null; destroyMethodName=null, order = 200, Root bean: class [org.springframework.security.web.authentication.logout.LogoutFilter]; scope=; abstract=false; lazyInit=false; autowireMode=0; dependencyCheck=0; autowireCandidate=true; primary=false; factoryBeanName=null; factoryMethodName=null; initMethodName=null; destroyMethodName=null, order = 400, <org.springframework.security.web.authentication.UsernamePasswordAuthenticationFilter#0>, order = 800, Root bean: class [org.springframework.security.web.authentication.ui.DefaultLoginPageGeneratingFilter]; scope=; abstract=false; lazyInit=false; autowireMode=0; dependencyCheck=0; autowireCandidate=true; primary=false; factoryBeanName=null; factoryMethodName=null; initMethodName=null; destroyMethodName=null, order = 1000, Root bean: class [org.springframework.security.web.authentication.www.BasicAuthenticationFilter]; scope=; abstract=false; lazyInit=false; autowireMode=0; dependencyCheck=0; autowireCandidate=true; primary=false; factoryBeanName=null; factoryMethodName=null; initMethodName=null; destroyMethodName=null, order = 1200, Root bean: class [org.springframework.security.web.savedrequest.RequestCacheAwareFilter]; scope=; abstract=false; lazyInit=false; autowireMode=0; dependencyCheck=0; autowireCandidate=true; primary=false; factoryBeanName=null; factoryMethodName=null; initMethodName=null; destroyMethodName=null, order = 1300, Root bean: class [org.springframework.security.web.servletapi.SecurityContextHolderAwareRequestFilter]; scope=; abstract=false; lazyInit=false; autowireMode=0; dependencyCheck=0; autowireCandidate=true; primary=false; factoryBeanName=null; factoryMethodName=null; initMethodName=null; destroyMethodName=null, order = 1400, Root bean: class [org.springframework.security.web.authentication.AnonymousAuthenticationFilter]; scope=; abstract=false; lazyInit=false; autowireMode=0; dependencyCheck=0; autowireCandidate=true; primary=false; factoryBeanName=null; factoryMethodName=null; initMethodName=null; destroyMethodName=null, order = 1700, Root bean: class [org.springframework.security.web.session.SessionManagementFilter]; scope=; abstract=false; lazyInit=false; autowireMode=0; dependencyCheck=0; autowireCandidate=true; primary=false; factoryBeanName=null; factoryMethodName=null; initMethodName=null; destroyMethodName=null, order = 1800, Root bean: class [org.springframework.security.web.access.ExceptionTranslationFilter]; scope=; abstract=false; lazyInit=false; autowireMode=0; dependencyCheck=0; autowireCandidate=true; primary=false; factoryBeanName=null; factoryMethodName=null; initMethodName=null; destroyMethodName=null, order = 1900, <org.springframework.security.web.access.intercept.FilterSecurityInterceptor#0>, order = 2000]
22:09:27,625  INFO GenericApplicationContext:510 - Refreshing org.springframework.context.support.GenericApplicationContext@23260f2f: startup date [Tue Jun 03 22:09:27 CEST 2014]; root of context hierarchy
22:09:28,012  INFO PropertyPlaceholderConfigurer:172 - Loading properties file from class path resource [hsql_database.properties]
22:09:28,192  INFO GenericApplicationContext:1374 - Bean 'validator' of type [class org.springframework.validation.beanvalidation.LocalValidatorFactoryBean] is not eligible for getting processed by all BeanPostProcessors (for example: not eligible for auto-proxying)
22:09:28,286  INFO DriverManagerDataSource:153 - Loaded JDBC driver: org.hsqldb.jdbcDriver
22:09:28,573  INFO LocalContainerEntityManagerFactoryBean:285 - Building JPA container EntityManagerFactory for persistence unit 'default'
22:09:28,945  INFO Version:37 - HCANN000001: Hibernate Commons Annotations {4.0.1.Final}
22:09:28,980  INFO Version:41 - HHH000412: Hibernate Core {4.1.5.Final}
22:09:28,984  INFO Environment:239 - HHH000206: hibernate.properties not found
22:09:28,986  INFO Environment:342 - HHH000021: Bytecode provider name : javassist
22:09:29,249  WARN Ejb3Configuration:1312 - HHH000059: Defining hibernate.transaction.flush_before_completion=true ignored in HEM
22:09:29,263  WARN Ejb3Configuration:1132 - HHH000144: hibernate.connection.autocommit = false breaks the EJB3 specification
22:09:29,754  INFO ConnectionProviderInitiator:188 - HHH000130: Instantiating explicit connection provider: org.hibernate.ejb.connection.InjectedDataSourceConnectionProvider
22:09:30,316  INFO Dialect:125 - HHH000400: Using dialect: org.hibernate.dialect.HSQLDialect
22:09:30,353  INFO TransactionFactoryInitiator:73 - HHH000268: Transaction strategy: org.hibernate.engine.transaction.internal.jdbc.JdbcTransactionFactory
22:09:30,362  INFO ASTQueryTranslatorFactory:48 - HHH000397: Using ASTQueryTranslatorFactory
22:09:30,806  INFO SchemaExport:343 - HHH000227: Running hbm2ddl schema export
22:09:30,813 ERROR SchemaExport:425 - HHH000389: Unsuccessful: alter table item drop constraint FK317B139122AF03
22:09:30,814 ERROR SchemaExport:426 - user lacks privilege or object not found: PUBLIC.ITEM
22:09:30,823  INFO SchemaExport:405 - HHH000230: Schema export complete
22:09:30,920  INFO DefaultListableBeanFactory:598 - Pre-instantiating singletons in org.springframework.beans.factory.support.DefaultListableBeanFactory@445a14e3: defining beans [org.springframework.beans.factory.config.PropertyPlaceholderConfigurer#0,myEmf,dataSource,org.springframework.aop.config.internalAutoProxyCreator,org.springframework.transaction.annotation.AnnotationTransactionAttributeSource#0,org.springframework.transaction.interceptor.TransactionInterceptor#0,org.springframework.transaction.config.internalTransactionAdvisor,transactionManager,shouldSaveItemSteps,apiItemAdminController,apiItemController,apiUserController,apiUserDetailsController,mainController,uiController,uiUserController,itemDaoImpl,userDaoImpl,itemAdminService,itemService,userService,authentication,exceptionsResolver,org.springframework.context.annotation.internalConfigurationAnnotationProcessor,org.springframework.context.annotation.internalAutowiredAnnotationProcessor,org.springframework.context.annotation.internalRequiredAnnotationProcessor,org.springframework.context.annotation.internalCommonAnnotationProcessor,org.springframework.context.annotation.internalPersistenceAnnotationProcessor,org.springframework.web.servlet.view.InternalResourceViewResolver#0,mvcContentNegotiationManager,org.springframework.web.servlet.mvc.method.annotation.RequestMappingHandlerMapping#0,org.springframework.format.support.FormattingConversionServiceFactoryBean#0,org.springframework.validation.beanvalidation.LocalValidatorFactoryBean#0,org.springframework.web.servlet.mvc.method.annotation.RequestMappingHandlerAdapter#0,org.springframework.web.servlet.handler.MappedInterceptor#0,org.springframework.web.servlet.mvc.method.annotation.ExceptionHandlerExceptionResolver#0,org.springframework.web.servlet.mvc.annotation.ResponseStatusExceptionResolver#0,org.springframework.web.servlet.mvc.support.DefaultHandlerExceptionResolver#0,org.springframework.web.servlet.handler.BeanNameUrlHandlerMapping,org.springframework.web.servlet.mvc.HttpRequestHandlerAdapter,org.springframework.web.servlet.mvc.SimpleControllerHandlerAdapter,org.springframework.security.filterChains,org.springframework.security.filterChainProxy,org.springframework.security.web.PortMapperImpl#0,org.springframework.security.web.PortResolverImpl#0,org.springframework.security.config.authentication.AuthenticationManagerFactoryBean#0,org.springframework.security.authentication.ProviderManager#0,org.springframework.security.web.context.HttpSessionSecurityContextRepository#0,org.springframework.security.web.authentication.session.SessionFixationProtectionStrategy#0,org.springframework.security.web.savedrequest.HttpSessionRequestCache#0,org.springframework.security.access.vote.AffirmativeBased#0,org.springframework.security.web.access.intercept.FilterSecurityInterceptor#0,org.springframework.security.web.access.DefaultWebInvocationPrivilegeEvaluator#0,org.springframework.security.authentication.AnonymousAuthenticationProvider#0,org.springframework.security.web.authentication.www.BasicAuthenticationEntryPoint#0,org.springframework.security.web.authentication.UsernamePasswordAuthenticationFilter#0,org.springframework.security.userDetailsServiceFactory,org.springframework.security.web.DefaultSecurityFilterChain#0,org.springframework.security.authentication.dao.DaoAuthenticationProvider#0,org.springframework.security.authentication.DefaultAuthenticationEventPublisher#0,org.springframework.security.authenticationManager,validator,processor,org.springframework.context.annotation.ConfigurationClassPostProcessor.importAwareProcessor]; root of factory hierarchy
22:09:30,991  INFO DefaultListableBeanFactory:444 - Destroying singletons in org.springframework.beans.factory.support.DefaultListableBeanFactory@445a14e3: defining beans [org.springframework.beans.factory.config.PropertyPlaceholderConfigurer#0,myEmf,dataSource,org.springframework.aop.config.internalAutoProxyCreator,org.springframework.transaction.annotation.AnnotationTransactionAttributeSource#0,org.springframework.transaction.interceptor.TransactionInterceptor#0,org.springframework.transaction.config.internalTransactionAdvisor,transactionManager,shouldSaveItemSteps,apiItemAdminController,apiItemController,apiUserController,apiUserDetailsController,mainController,uiController,uiUserController,itemDaoImpl,userDaoImpl,itemAdminService,itemService,userService,authentication,exceptionsResolver,org.springframework.context.annotation.internalConfigurationAnnotationProcessor,org.springframework.context.annotation.internalAutowiredAnnotationProcessor,org.springframework.context.annotation.internalRequiredAnnotationProcessor,org.springframework.context.annotation.internalCommonAnnotationProcessor,org.springframework.context.annotation.internalPersistenceAnnotationProcessor,org.springframework.web.servlet.view.InternalResourceViewResolver#0,mvcContentNegotiationManager,org.springframework.web.servlet.mvc.method.annotation.RequestMappingHandlerMapping#0,org.springframework.format.support.FormattingConversionServiceFactoryBean#0,org.springframework.validation.beanvalidation.LocalValidatorFactoryBean#0,org.springframework.web.servlet.mvc.method.annotation.RequestMappingHandlerAdapter#0,org.springframework.web.servlet.handler.MappedInterceptor#0,org.springframework.web.servlet.mvc.method.annotation.ExceptionHandlerExceptionResolver#0,org.springframework.web.servlet.mvc.annotation.ResponseStatusExceptionResolver#0,org.springframework.web.servlet.mvc.support.DefaultHandlerExceptionResolver#0,org.springframework.web.servlet.handler.BeanNameUrlHandlerMapping,org.springframework.web.servlet.mvc.HttpRequestHandlerAdapter,org.springframework.web.servlet.mvc.SimpleControllerHandlerAdapter,org.springframework.security.filterChains,org.springframework.security.filterChainProxy,org.springframework.security.web.PortMapperImpl#0,org.springframework.security.web.PortResolverImpl#0,org.springframework.security.config.authentication.AuthenticationManagerFactoryBean#0,org.springframework.security.authentication.ProviderManager#0,org.springframework.security.web.context.HttpSessionSecurityContextRepository#0,org.springframework.security.web.authentication.session.SessionFixationProtectionStrategy#0,org.springframework.security.web.savedrequest.HttpSessionRequestCache#0,org.springframework.security.access.vote.AffirmativeBased#0,org.springframework.security.web.access.intercept.FilterSecurityInterceptor#0,org.springframework.security.web.access.DefaultWebInvocationPrivilegeEvaluator#0,org.springframework.security.authentication.AnonymousAuthenticationProvider#0,org.springframework.security.web.authentication.www.BasicAuthenticationEntryPoint#0,org.springframework.security.web.authentication.UsernamePasswordAuthenticationFilter#0,org.springframework.security.userDetailsServiceFactory,org.springframework.security.web.DefaultSecurityFilterChain#0,org.springframework.security.authentication.dao.DaoAuthenticationProvider#0,org.springframework.security.authentication.DefaultAuthenticationEventPublisher#0,org.springframework.security.authenticationManager,validator,processor,org.springframework.context.annotation.ConfigurationClassPostProcessor.importAwareProcessor]; root of factory hierarchy
22:09:31,002  INFO LocalContainerEntityManagerFactoryBean:441 - Closing JPA EntityManagerFactory for persistence unit 'default'
22:09:31,003  INFO SchemaExport:343 - HHH000227: Running hbm2ddl schema export
22:09:31,008  INFO SchemaExport:405 - HHH000230: Schema export complete
22:09:31,010 ERROR TestContextManager:314 - Caught exception while allowing TestExecutionListener [org.springframework.test.context.support.DependencyInjectionTestExecutionListener@f93893c] to prepare test instance [com.vhealth.api.entity.AuditListenerTest@6c2d4e47]
java.lang.IllegalStateException: Failed to load ApplicationContext
	at org.springframework.test.context.CacheAwareContextLoaderDelegate.loadContext(CacheAwareContextLoaderDelegate.java:99)
	at org.springframework.test.context.TestContext.getApplicationContext(TestContext.java:122)
	at org.springframework.test.context.support.DependencyInjectionTestExecutionListener.injectDependencies(DependencyInjectionTestExecutionListener.java:109)
	at org.springframework.test.context.support.DependencyInjectionTestExecutionListener.prepareTestInstance(DependencyInjectionTestExecutionListener.java:75)
	at org.springframework.test.context.TestContextManager.prepareTestInstance(TestContextManager.java:312)
	at org.springframework.test.context.testng.AbstractTestNGSpringContextTests.springTestContextPrepareTestInstance(AbstractTestNGSpringContextTests.java:130)
	at sun.reflect.NativeMethodAccessorImpl.invoke0(Native Method)
	at sun.reflect.NativeMethodAccessorImpl.invoke(NativeMethodAccessorImpl.java:57)
	at sun.reflect.DelegatingMethodAccessorImpl.invoke(DelegatingMethodAccessorImpl.java:43)
	at java.lang.reflect.Method.invoke(Method.java:601)
	at org.testng.internal.MethodInvocationHelper.invokeMethod(MethodInvocationHelper.java:80)
	at org.testng.internal.Invoker.invokeConfigurationMethod(Invoker.java:564)
	at org.testng.internal.Invoker.invokeConfigurations(Invoker.java:213)
	at org.testng.internal.Invoker.invokeConfigurations(Invoker.java:138)
	at org.testng.internal.TestMethodWorker.invokeBeforeClassMethods(TestMethodWorker.java:175)
	at org.testng.internal.TestMethodWorker.run(TestMethodWorker.java:107)
	at org.testng.TestRunner.privateRun(TestRunner.java:767)
	at org.testng.TestRunner.run(TestRunner.java:617)
	at org.testng.SuiteRunner.runTest(SuiteRunner.java:334)
	at org.testng.SuiteRunner.runSequentially(SuiteRunner.java:329)
	at org.testng.SuiteRunner.privateRun(SuiteRunner.java:291)
	at org.testng.SuiteRunner.run(SuiteRunner.java:240)
	at org.testng.SuiteRunnerWorker.runSuite(SuiteRunnerWorker.java:52)
	at org.testng.SuiteRunnerWorker.run(SuiteRunnerWorker.java:86)
	at org.testng.TestNG.runSuitesSequentially(TestNG.java:1198)
	at org.testng.TestNG.runSuitesLocally(TestNG.java:1123)
	at org.testng.TestNG.run(TestNG.java:1031)
	at org.apache.maven.surefire.testng.TestNGExecutor.run(TestNGExecutor.java:76)
	at org.apache.maven.surefire.testng.TestNGDirectoryTestSuite.executeMulti(TestNGDirectoryTestSuite.java:161)
	at org.apache.maven.surefire.testng.TestNGDirectoryTestSuite.execute(TestNGDirectoryTestSuite.java:101)
	at org.apache.maven.surefire.testng.TestNGProvider.invoke(TestNGProvider.java:115)
	at sun.reflect.NativeMethodAccessorImpl.invoke0(Native Method)
	at sun.reflect.NativeMethodAccessorImpl.invoke(NativeMethodAccessorImpl.java:57)
	at sun.reflect.DelegatingMethodAccessorImpl.invoke(DelegatingMethodAccessorImpl.java:43)
	at java.lang.reflect.Method.invoke(Method.java:601)
	at org.apache.maven.surefire.util.ReflectionUtils.invokeMethodWithArray(ReflectionUtils.java:189)
	at org.apache.maven.surefire.booter.ProviderFactory$ProviderProxy.invoke(ProviderFactory.java:165)
	at org.apache.maven.surefire.booter.ProviderFactory.invokeProvider(ProviderFactory.java:85)
	at org.apache.maven.surefire.booter.ForkedBooter.runSuitesInProcess(ForkedBooter.java:103)
	at org.apache.maven.surefire.booter.ForkedBooter.main(ForkedBooter.java:74)
Caused by: org.springframework.beans.factory.BeanCreationException: Error creating bean with name 'shouldSaveItemSteps': Injection of autowired dependencies failed; nested exception is org.springframework.beans.factory.BeanCreationException: Could not autowire field: private org.springframework.web.context.WebApplicationContext com.vhealth.api.jbehave.steps.ShouldSaveItemSteps.wac; nested exception is org.springframework.beans.factory.NoSuchBeanDefinitionException: No qualifying bean of type [org.springframework.web.context.WebApplicationContext] found for dependency: expected at least 1 bean which qualifies as autowire candidate for this dependency. Dependency annotations: {@org.springframework.beans.factory.annotation.Autowired(required=true)}
	at org.springframework.beans.factory.annotation.AutowiredAnnotationBeanPostProcessor.postProcessPropertyValues(AutowiredAnnotationBeanPostProcessor.java:288)
	at org.springframework.beans.factory.support.AbstractAutowireCapableBeanFactory.populateBean(AbstractAutowireCapableBeanFactory.java:1116)
	at org.springframework.beans.factory.support.AbstractAutowireCapableBeanFactory.doCreateBean(AbstractAutowireCapableBeanFactory.java:519)
	at org.springframework.beans.factory.support.AbstractAutowireCapableBeanFactory.createBean(AbstractAutowireCapableBeanFactory.java:458)
	at org.springframework.beans.factory.support.AbstractBeanFactory$1.getObject(AbstractBeanFactory.java:295)
	at org.springframework.beans.factory.support.DefaultSingletonBeanRegistry.getSingleton(DefaultSingletonBeanRegistry.java:223)
	at org.springframework.beans.factory.support.AbstractBeanFactory.doGetBean(AbstractBeanFactory.java:292)
	at org.springframework.beans.factory.support.AbstractBeanFactory.getBean(AbstractBeanFactory.java:194)
	at org.springframework.beans.factory.support.DefaultListableBeanFactory.preInstantiateSingletons(DefaultListableBeanFactory.java:628)
	at org.springframework.context.support.AbstractApplicationContext.finishBeanFactoryInitialization(AbstractApplicationContext.java:932)
	at org.springframework.context.support.AbstractApplicationContext.refresh(AbstractApplicationContext.java:479)
	at org.springframework.test.context.support.AbstractGenericContextLoader.loadContext(AbstractGenericContextLoader.java:120)
	at org.springframework.test.context.support.AbstractGenericContextLoader.loadContext(AbstractGenericContextLoader.java:60)
	at org.springframework.test.context.support.AbstractDelegatingSmartContextLoader.delegateLoading(AbstractDelegatingSmartContextLoader.java:100)
	at org.springframework.test.context.support.AbstractDelegatingSmartContextLoader.loadContext(AbstractDelegatingSmartContextLoader.java:248)
	at org.springframework.test.context.CacheAwareContextLoaderDelegate.loadContextInternal(CacheAwareContextLoaderDelegate.java:64)
	at org.springframework.test.context.CacheAwareContextLoaderDelegate.loadContext(CacheAwareContextLoaderDelegate.java:91)
	... 39 more
Caused by: org.springframework.beans.factory.BeanCreationException: Could not autowire field: private org.springframework.web.context.WebApplicationContext com.vhealth.api.jbehave.steps.ShouldSaveItemSteps.wac; nested exception is org.springframework.beans.factory.NoSuchBeanDefinitionException: No qualifying bean of type [org.springframework.web.context.WebApplicationContext] found for dependency: expected at least 1 bean which qualifies as autowire candidate for this dependency. Dependency annotations: {@org.springframework.beans.factory.annotation.Autowired(required=true)}
	at org.springframework.beans.factory.annotation.AutowiredAnnotationBeanPostProcessor$AutowiredFieldElement.inject(AutowiredAnnotationBeanPostProcessor.java:514)
	at org.springframework.beans.factory.annotation.InjectionMetadata.inject(InjectionMetadata.java:87)
	at org.springframework.beans.factory.annotation.AutowiredAnnotationBeanPostProcessor.postProcessPropertyValues(AutowiredAnnotationBeanPostProcessor.java:285)
	... 55 more
Caused by: org.springframework.beans.factory.NoSuchBeanDefinitionException: No qualifying bean of type [org.springframework.web.context.WebApplicationContext] found for dependency: expected at least 1 bean which qualifies as autowire candidate for this dependency. Dependency annotations: {@org.springframework.beans.factory.annotation.Autowired(required=true)}
	at org.springframework.beans.factory.support.DefaultListableBeanFactory.raiseNoSuchBeanDefinitionException(DefaultListableBeanFactory.java:988)
	at org.springframework.beans.factory.support.DefaultListableBeanFactory.doResolveDependency(DefaultListableBeanFactory.java:858)
	at org.springframework.beans.factory.support.DefaultListableBeanFactory.resolveDependency(DefaultListableBeanFactory.java:770)
	at org.springframework.beans.factory.annotation.AutowiredAnnotationBeanPostProcessor$AutowiredFieldElement.inject(AutowiredAnnotationBeanPostProcessor.java:486)
	... 57 more
22:09:31,033  WARN TestContextManager:397 - Caught exception while allowing TestExecutionListener [com.github.springtestdbunit.DbUnitTestExecutionListener@dad5eab] to process 'after' execution for test: method [public void com.vhealth.api.service.ItemAdminServiceTest.shouldFindItemById()], instance [com.vhealth.api.service.ItemAdminServiceTest@5ef75c3b], exception [null]
java.lang.NullPointerException
	at com.github.springtestdbunit.DbUnitRunner.afterTestMethod(DbUnitRunner.java:93)
	at com.github.springtestdbunit.DbUnitTestExecutionListener.afterTestMethod(DbUnitTestExecutionListener.java:141)
	at org.springframework.test.context.TestContextManager.afterTestMethod(TestContextManager.java:395)
	at org.springframework.test.context.testng.AbstractTestNGSpringContextTests.springTestContextAfterTestMethod(AbstractTestNGSpringContextTests.java:176)
	at sun.reflect.NativeMethodAccessorImpl.invoke0(Native Method)
	at sun.reflect.NativeMethodAccessorImpl.invoke(NativeMethodAccessorImpl.java:57)
	at sun.reflect.DelegatingMethodAccessorImpl.invoke(DelegatingMethodAccessorImpl.java:43)
	at java.lang.reflect.Method.invoke(Method.java:601)
	at org.testng.internal.MethodInvocationHelper.invokeMethod(MethodInvocationHelper.java:80)
	at org.testng.internal.Invoker.invokeConfigurationMethod(Invoker.java:564)
	at org.testng.internal.Invoker.invokeConfigurations(Invoker.java:213)
	at org.testng.internal.Invoker.invokeMethod(Invoker.java:786)
	at org.testng.internal.Invoker.invokeTestMethod(Invoker.java:901)
	at org.testng.internal.Invoker.invokeTestMethods(Invoker.java:1231)
	at org.testng.internal.TestMethodWorker.invokeTestMethods(TestMethodWorker.java:127)
	at org.testng.internal.TestMethodWorker.run(TestMethodWorker.java:111)
	at org.testng.TestRunner.privateRun(TestRunner.java:767)
	at org.testng.TestRunner.run(TestRunner.java:617)
	at org.testng.SuiteRunner.runTest(SuiteRunner.java:334)
	at org.testng.SuiteRunner.runSequentially(SuiteRunner.java:329)
	at org.testng.SuiteRunner.privateRun(SuiteRunner.java:291)
	at org.testng.SuiteRunner.run(SuiteRunner.java:240)
	at org.testng.SuiteRunnerWorker.runSuite(SuiteRunnerWorker.java:52)
	at org.testng.SuiteRunnerWorker.run(SuiteRunnerWorker.java:86)
	at org.testng.TestNG.runSuitesSequentially(TestNG.java:1198)
	at org.testng.TestNG.runSuitesLocally(TestNG.java:1123)
	at org.testng.TestNG.run(TestNG.java:1031)
	at org.apache.maven.surefire.testng.TestNGExecutor.run(TestNGExecutor.java:76)
	at org.apache.maven.surefire.testng.TestNGDirectoryTestSuite.executeMulti(TestNGDirectoryTestSuite.java:161)
	at org.apache.maven.surefire.testng.TestNGDirectoryTestSuite.execute(TestNGDirectoryTestSuite.java:101)
	at org.apache.maven.surefire.testng.TestNGProvider.invoke(TestNGProvider.java:115)
	at sun.reflect.NativeMethodAccessorImpl.invoke0(Native Method)
	at sun.reflect.NativeMethodAccessorImpl.invoke(NativeMethodAccessorImpl.java:57)
	at sun.reflect.DelegatingMethodAccessorImpl.invoke(DelegatingMethodAccessorImpl.java:43)
	at java.lang.reflect.Method.invoke(Method.java:601)
	at org.apache.maven.surefire.util.ReflectionUtils.invokeMethodWithArray(ReflectionUtils.java:189)
	at org.apache.maven.surefire.booter.ProviderFactory$ProviderProxy.invoke(ProviderFactory.java:165)
	at org.apache.maven.surefire.booter.ProviderFactory.invokeProvider(ProviderFactory.java:85)
	at org.apache.maven.surefire.booter.ForkedBooter.runSuitesInProcess(ForkedBooter.java:103)
	at org.apache.maven.surefire.booter.ForkedBooter.main(ForkedBooter.java:74)
22:09:31,039  WARN TestContextManager:397 - Caught exception while allowing TestExecutionListener [com.github.springtestdbunit.DbUnitTestExecutionListener@dad5eab] to process 'after' execution for test: method [public void com.vhealth.api.service.ItemAdminServiceTest.shouldFindItemByName()], instance [com.vhealth.api.service.ItemAdminServiceTest@5ef75c3b], exception [null]
java.lang.NullPointerException
	at com.github.springtestdbunit.DbUnitRunner.afterTestMethod(DbUnitRunner.java:93)
	at com.github.springtestdbunit.DbUnitTestExecutionListener.afterTestMethod(DbUnitTestExecutionListener.java:141)
	at org.springframework.test.context.TestContextManager.afterTestMethod(TestContextManager.java:395)
	at org.springframework.test.context.testng.AbstractTestNGSpringContextTests.springTestContextAfterTestMethod(AbstractTestNGSpringContextTests.java:176)
	at sun.reflect.NativeMethodAccessorImpl.invoke0(Native Method)
	at sun.reflect.NativeMethodAccessorImpl.invoke(NativeMethodAccessorImpl.java:57)
	at sun.reflect.DelegatingMethodAccessorImpl.invoke(DelegatingMethodAccessorImpl.java:43)
	at java.lang.reflect.Method.invoke(Method.java:601)
	at org.testng.internal.MethodInvocationHelper.invokeMethod(MethodInvocationHelper.java:80)
	at org.testng.internal.Invoker.invokeConfigurationMethod(Invoker.java:564)
	at org.testng.internal.Invoker.invokeConfigurations(Invoker.java:213)
	at org.testng.internal.Invoker.invokeMethod(Invoker.java:786)
	at org.testng.internal.Invoker.invokeTestMethod(Invoker.java:901)
	at org.testng.internal.Invoker.invokeTestMethods(Invoker.java:1231)
	at org.testng.internal.TestMethodWorker.invokeTestMethods(TestMethodWorker.java:127)
	at org.testng.internal.TestMethodWorker.run(TestMethodWorker.java:111)
	at org.testng.TestRunner.privateRun(TestRunner.java:767)
	at org.testng.TestRunner.run(TestRunner.java:617)
	at org.testng.SuiteRunner.runTest(SuiteRunner.java:334)
	at org.testng.SuiteRunner.runSequentially(SuiteRunner.java:329)
	at org.testng.SuiteRunner.privateRun(SuiteRunner.java:291)
	at org.testng.SuiteRunner.run(SuiteRunner.java:240)
	at org.testng.SuiteRunnerWorker.runSuite(SuiteRunnerWorker.java:52)
	at org.testng.SuiteRunnerWorker.run(SuiteRunnerWorker.java:86)
	at org.testng.TestNG.runSuitesSequentially(TestNG.java:1198)
	at org.testng.TestNG.runSuitesLocally(TestNG.java:1123)
	at org.testng.TestNG.run(TestNG.java:1031)
	at org.apache.maven.surefire.testng.TestNGExecutor.run(TestNGExecutor.java:76)
	at org.apache.maven.surefire.testng.TestNGDirectoryTestSuite.executeMulti(TestNGDirectoryTestSuite.java:161)
	at org.apache.maven.surefire.testng.TestNGDirectoryTestSuite.execute(TestNGDirectoryTestSuite.java:101)
	at org.apache.maven.surefire.testng.TestNGProvider.invoke(TestNGProvider.java:115)
	at sun.reflect.NativeMethodAccessorImpl.invoke0(Native Method)
	at sun.reflect.NativeMethodAccessorImpl.invoke(NativeMethodAccessorImpl.java:57)
	at sun.reflect.DelegatingMethodAccessorImpl.invoke(DelegatingMethodAccessorImpl.java:43)
	at java.lang.reflect.Method.invoke(Method.java:601)
	at org.apache.maven.surefire.util.ReflectionUtils.invokeMethodWithArray(ReflectionUtils.java:189)
	at org.apache.maven.surefire.booter.ProviderFactory$ProviderProxy.invoke(ProviderFactory.java:165)
	at org.apache.maven.surefire.booter.ProviderFactory.invokeProvider(ProviderFactory.java:85)
	at org.apache.maven.surefire.booter.ForkedBooter.runSuitesInProcess(ForkedBooter.java:103)
	at org.apache.maven.surefire.booter.ForkedBooter.main(ForkedBooter.java:74)
22:09:31,044  WARN TestContextManager:397 - Caught exception while allowing TestExecutionListener [com.github.springtestdbunit.DbUnitTestExecutionListener@7fa6e8b1] to process 'after' execution for test: method [public void com.vhealth.api.dao.ItemDaoTest.shouldFindItemById()], instance [com.vhealth.api.dao.ItemDaoTest@4b8899ad], exception [null]
java.lang.NullPointerException
	at com.github.springtestdbunit.DbUnitRunner.afterTestMethod(DbUnitRunner.java:93)
	at com.github.springtestdbunit.DbUnitTestExecutionListener.afterTestMethod(DbUnitTestExecutionListener.java:141)
	at org.springframework.test.context.TestContextManager.afterTestMethod(TestContextManager.java:395)
	at org.springframework.test.context.testng.AbstractTestNGSpringContextTests.springTestContextAfterTestMethod(AbstractTestNGSpringContextTests.java:176)
	at sun.reflect.NativeMethodAccessorImpl.invoke0(Native Method)
	at sun.reflect.NativeMethodAccessorImpl.invoke(NativeMethodAccessorImpl.java:57)
	at sun.reflect.DelegatingMethodAccessorImpl.invoke(DelegatingMethodAccessorImpl.java:43)
	at java.lang.reflect.Method.invoke(Method.java:601)
	at org.testng.internal.MethodInvocationHelper.invokeMethod(MethodInvocationHelper.java:80)
	at org.testng.internal.Invoker.invokeConfigurationMethod(Invoker.java:564)
	at org.testng.internal.Invoker.invokeConfigurations(Invoker.java:213)
	at org.testng.internal.Invoker.invokeMethod(Invoker.java:786)
	at org.testng.internal.Invoker.invokeTestMethod(Invoker.java:901)
	at org.testng.internal.Invoker.invokeTestMethods(Invoker.java:1231)
	at org.testng.internal.TestMethodWorker.invokeTestMethods(TestMethodWorker.java:127)
	at org.testng.internal.TestMethodWorker.run(TestMethodWorker.java:111)
	at org.testng.TestRunner.privateRun(TestRunner.java:767)
	at org.testng.TestRunner.run(TestRunner.java:617)
	at org.testng.SuiteRunner.runTest(SuiteRunner.java:334)
	at org.testng.SuiteRunner.runSequentially(SuiteRunner.java:329)
	at org.testng.SuiteRunner.privateRun(SuiteRunner.java:291)
	at org.testng.SuiteRunner.run(SuiteRunner.java:240)
	at org.testng.SuiteRunnerWorker.runSuite(SuiteRunnerWorker.java:52)
	at org.testng.SuiteRunnerWorker.run(SuiteRunnerWorker.java:86)
	at org.testng.TestNG.runSuitesSequentially(TestNG.java:1198)
	at org.testng.TestNG.runSuitesLocally(TestNG.java:1123)
	at org.testng.TestNG.run(TestNG.java:1031)
	at org.apache.maven.surefire.testng.TestNGExecutor.run(TestNGExecutor.java:76)
	at org.apache.maven.surefire.testng.TestNGDirectoryTestSuite.executeMulti(TestNGDirectoryTestSuite.java:161)
	at org.apache.maven.surefire.testng.TestNGDirectoryTestSuite.execute(TestNGDirectoryTestSuite.java:101)
	at org.apache.maven.surefire.testng.TestNGProvider.invoke(TestNGProvider.java:115)
	at sun.reflect.NativeMethodAccessorImpl.invoke0(Native Method)
	at sun.reflect.NativeMethodAccessorImpl.invoke(NativeMethodAccessorImpl.java:57)
	at sun.reflect.DelegatingMethodAccessorImpl.invoke(DelegatingMethodAccessorImpl.java:43)
	at java.lang.reflect.Method.invoke(Method.java:601)
	at org.apache.maven.surefire.util.ReflectionUtils.invokeMethodWithArray(ReflectionUtils.java:189)
	at org.apache.maven.surefire.booter.ProviderFactory$ProviderProxy.invoke(ProviderFactory.java:165)
	at org.apache.maven.surefire.booter.ProviderFactory.invokeProvider(ProviderFactory.java:85)
	at org.apache.maven.surefire.booter.ForkedBooter.runSuitesInProcess(ForkedBooter.java:103)
	at org.apache.maven.surefire.booter.ForkedBooter.main(ForkedBooter.java:74)
22:09:31,049  WARN TestContextManager:397 - Caught exception while allowing TestExecutionListener [com.github.springtestdbunit.DbUnitTestExecutionListener@7fa6e8b1] to process 'after' execution for test: method [public void com.vhealth.api.dao.ItemDaoTest.shouldFindItemItemName()], instance [com.vhealth.api.dao.ItemDaoTest@4b8899ad], exception [null]
java.lang.NullPointerException
	at com.github.springtestdbunit.DbUnitRunner.afterTestMethod(DbUnitRunner.java:93)
	at com.github.springtestdbunit.DbUnitTestExecutionListener.afterTestMethod(DbUnitTestExecutionListener.java:141)
	at org.springframework.test.context.TestContextManager.afterTestMethod(TestContextManager.java:395)
	at org.springframework.test.context.testng.AbstractTestNGSpringContextTests.springTestContextAfterTestMethod(AbstractTestNGSpringContextTests.java:176)
	at sun.reflect.NativeMethodAccessorImpl.invoke0(Native Method)
	at sun.reflect.NativeMethodAccessorImpl.invoke(NativeMethodAccessorImpl.java:57)
	at sun.reflect.DelegatingMethodAccessorImpl.invoke(DelegatingMethodAccessorImpl.java:43)
	at java.lang.reflect.Method.invoke(Method.java:601)
	at org.testng.internal.MethodInvocationHelper.invokeMethod(MethodInvocationHelper.java:80)
	at org.testng.internal.Invoker.invokeConfigurationMethod(Invoker.java:564)
	at org.testng.internal.Invoker.invokeConfigurations(Invoker.java:213)
	at org.testng.internal.Invoker.invokeMethod(Invoker.java:786)
	at org.testng.internal.Invoker.invokeTestMethod(Invoker.java:901)
	at org.testng.internal.Invoker.invokeTestMethods(Invoker.java:1231)
	at org.testng.internal.TestMethodWorker.invokeTestMethods(TestMethodWorker.java:127)
	at org.testng.internal.TestMethodWorker.run(TestMethodWorker.java:111)
	at org.testng.TestRunner.privateRun(TestRunner.java:767)
	at org.testng.TestRunner.run(TestRunner.java:617)
	at org.testng.SuiteRunner.runTest(SuiteRunner.java:334)
	at org.testng.SuiteRunner.runSequentially(SuiteRunner.java:329)
	at org.testng.SuiteRunner.privateRun(SuiteRunner.java:291)
	at org.testng.SuiteRunner.run(SuiteRunner.java:240)
	at org.testng.SuiteRunnerWorker.runSuite(SuiteRunnerWorker.java:52)
	at org.testng.SuiteRunnerWorker.run(SuiteRunnerWorker.java:86)
	at org.testng.TestNG.runSuitesSequentially(TestNG.java:1198)
	at org.testng.TestNG.runSuitesLocally(TestNG.java:1123)
	at org.testng.TestNG.run(TestNG.java:1031)
	at org.apache.maven.surefire.testng.TestNGExecutor.run(TestNGExecutor.java:76)
	at org.apache.maven.surefire.testng.TestNGDirectoryTestSuite.executeMulti(TestNGDirectoryTestSuite.java:161)
	at org.apache.maven.surefire.testng.TestNGDirectoryTestSuite.execute(TestNGDirectoryTestSuite.java:101)
	at org.apache.maven.surefire.testng.TestNGProvider.invoke(TestNGProvider.java:115)
	at sun.reflect.NativeMethodAccessorImpl.invoke0(Native Method)
	at sun.reflect.NativeMethodAccessorImpl.invoke(NativeMethodAccessorImpl.java:57)
	at sun.reflect.DelegatingMethodAccessorImpl.invoke(DelegatingMethodAccessorImpl.java:43)
	at java.lang.reflect.Method.invoke(Method.java:601)
	at org.apache.maven.surefire.util.ReflectionUtils.invokeMethodWithArray(ReflectionUtils.java:189)
	at org.apache.maven.surefire.booter.ProviderFactory$ProviderProxy.invoke(ProviderFactory.java:165)
	at org.apache.maven.surefire.booter.ProviderFactory.invokeProvider(ProviderFactory.java:85)
	at org.apache.maven.surefire.booter.ForkedBooter.runSuitesInProcess(ForkedBooter.java:103)
	at org.apache.maven.surefire.booter.ForkedBooter.main(ForkedBooter.java:74)
22:09:31,054  WARN TestContextManager:397 - Caught exception while allowing TestExecutionListener [com.github.springtestdbunit.DbUnitTestExecutionListener@7fa6e8b1] to process 'after' execution for test: method [public void com.vhealth.api.dao.ItemDaoTest.shouldReturnNullIfNotFindItemById()], instance [com.vhealth.api.dao.ItemDaoTest@4b8899ad], exception [null]
java.lang.NullPointerException
	at com.github.springtestdbunit.DbUnitRunner.afterTestMethod(DbUnitRunner.java:93)
	at com.github.springtestdbunit.DbUnitTestExecutionListener.afterTestMethod(DbUnitTestExecutionListener.java:141)
	at org.springframework.test.context.TestContextManager.afterTestMethod(TestContextManager.java:395)
	at org.springframework.test.context.testng.AbstractTestNGSpringContextTests.springTestContextAfterTestMethod(AbstractTestNGSpringContextTests.java:176)
	at sun.reflect.NativeMethodAccessorImpl.invoke0(Native Method)
	at sun.reflect.NativeMethodAccessorImpl.invoke(NativeMethodAccessorImpl.java:57)
	at sun.reflect.DelegatingMethodAccessorImpl.invoke(DelegatingMethodAccessorImpl.java:43)
	at java.lang.reflect.Method.invoke(Method.java:601)
	at org.testng.internal.MethodInvocationHelper.invokeMethod(MethodInvocationHelper.java:80)
	at org.testng.internal.Invoker.invokeConfigurationMethod(Invoker.java:564)
	at org.testng.internal.Invoker.invokeConfigurations(Invoker.java:213)
	at org.testng.internal.Invoker.invokeMethod(Invoker.java:786)
	at org.testng.internal.Invoker.invokeTestMethod(Invoker.java:901)
	at org.testng.internal.Invoker.invokeTestMethods(Invoker.java:1231)
	at org.testng.internal.TestMethodWorker.invokeTestMethods(TestMethodWorker.java:127)
	at org.testng.internal.TestMethodWorker.run(TestMethodWorker.java:111)
	at org.testng.TestRunner.privateRun(TestRunner.java:767)
	at org.testng.TestRunner.run(TestRunner.java:617)
	at org.testng.SuiteRunner.runTest(SuiteRunner.java:334)
	at org.testng.SuiteRunner.runSequentially(SuiteRunner.java:329)
	at org.testng.SuiteRunner.privateRun(SuiteRunner.java:291)
	at org.testng.SuiteRunner.run(SuiteRunner.java:240)
	at org.testng.SuiteRunnerWorker.runSuite(SuiteRunnerWorker.java:52)
	at org.testng.SuiteRunnerWorker.run(SuiteRunnerWorker.java:86)
	at org.testng.TestNG.runSuitesSequentially(TestNG.java:1198)
	at org.testng.TestNG.runSuitesLocally(TestNG.java:1123)
	at org.testng.TestNG.run(TestNG.java:1031)
	at org.apache.maven.surefire.testng.TestNGExecutor.run(TestNGExecutor.java:76)
	at org.apache.maven.surefire.testng.TestNGDirectoryTestSuite.executeMulti(TestNGDirectoryTestSuite.java:161)
	at org.apache.maven.surefire.testng.TestNGDirectoryTestSuite.execute(TestNGDirectoryTestSuite.java:101)
	at org.apache.maven.surefire.testng.TestNGProvider.invoke(TestNGProvider.java:115)
	at sun.reflect.NativeMethodAccessorImpl.invoke0(Native Method)
	at sun.reflect.NativeMethodAccessorImpl.invoke(NativeMethodAccessorImpl.java:57)
	at sun.reflect.DelegatingMethodAccessorImpl.invoke(DelegatingMethodAccessorImpl.java:43)
	at java.lang.reflect.Method.invoke(Method.java:601)
	at org.apache.maven.surefire.util.ReflectionUtils.invokeMethodWithArray(ReflectionUtils.java:189)
	at org.apache.maven.surefire.booter.ProviderFactory$ProviderProxy.invoke(ProviderFactory.java:165)
	at org.apache.maven.surefire.booter.ProviderFactory.invokeProvider(ProviderFactory.java:85)
	at org.apache.maven.surefire.booter.ForkedBooter.runSuitesInProcess(ForkedBooter.java:103)
	at org.apache.maven.surefire.booter.ForkedBooter.main(ForkedBooter.java:74)
22:09:31,059  WARN TestContextManager:397 - Caught exception while allowing TestExecutionListener [com.github.springtestdbunit.DbUnitTestExecutionListener@7fa6e8b1] to process 'after' execution for test: method [public void com.vhealth.api.dao.ItemDaoTest.shouldReturnNullIfNotFindItemByName()], instance [com.vhealth.api.dao.ItemDaoTest@4b8899ad], exception [null]
java.lang.NullPointerException
	at com.github.springtestdbunit.DbUnitRunner.afterTestMethod(DbUnitRunner.java:93)
	at com.github.springtestdbunit.DbUnitTestExecutionListener.afterTestMethod(DbUnitTestExecutionListener.java:141)
	at org.springframework.test.context.TestContextManager.afterTestMethod(TestContextManager.java:395)
	at org.springframework.test.context.testng.AbstractTestNGSpringContextTests.springTestContextAfterTestMethod(AbstractTestNGSpringContextTests.java:176)
	at sun.reflect.NativeMethodAccessorImpl.invoke0(Native Method)
	at sun.reflect.NativeMethodAccessorImpl.invoke(NativeMethodAccessorImpl.java:57)
	at sun.reflect.DelegatingMethodAccessorImpl.invoke(DelegatingMethodAccessorImpl.java:43)
	at java.lang.reflect.Method.invoke(Method.java:601)
	at org.testng.internal.MethodInvocationHelper.invokeMethod(MethodInvocationHelper.java:80)
	at org.testng.internal.Invoker.invokeConfigurationMethod(Invoker.java:564)
	at org.testng.internal.Invoker.invokeConfigurations(Invoker.java:213)
	at org.testng.internal.Invoker.invokeMethod(Invoker.java:786)
	at org.testng.internal.Invoker.invokeTestMethod(Invoker.java:901)
	at org.testng.internal.Invoker.invokeTestMethods(Invoker.java:1231)
	at org.testng.internal.TestMethodWorker.invokeTestMethods(TestMethodWorker.java:127)
	at org.testng.internal.TestMethodWorker.run(TestMethodWorker.java:111)
	at org.testng.TestRunner.privateRun(TestRunner.java:767)
	at org.testng.TestRunner.run(TestRunner.java:617)
	at org.testng.SuiteRunner.runTest(SuiteRunner.java:334)
	at org.testng.SuiteRunner.runSequentially(SuiteRunner.java:329)
	at org.testng.SuiteRunner.privateRun(SuiteRunner.java:291)
	at org.testng.SuiteRunner.run(SuiteRunner.java:240)
	at org.testng.SuiteRunnerWorker.runSuite(SuiteRunnerWorker.java:52)
	at org.testng.SuiteRunnerWorker.run(SuiteRunnerWorker.java:86)
	at org.testng.TestNG.runSuitesSequentially(TestNG.java:1198)
	at org.testng.TestNG.runSuitesLocally(TestNG.java:1123)
	at org.testng.TestNG.run(TestNG.java:1031)
	at org.apache.maven.surefire.testng.TestNGExecutor.run(TestNGExecutor.java:76)
	at org.apache.maven.surefire.testng.TestNGDirectoryTestSuite.executeMulti(TestNGDirectoryTestSuite.java:161)
	at org.apache.maven.surefire.testng.TestNGDirectoryTestSuite.execute(TestNGDirectoryTestSuite.java:101)
	at org.apache.maven.surefire.testng.TestNGProvider.invoke(TestNGProvider.java:115)
	at sun.reflect.NativeMethodAccessorImpl.invoke0(Native Method)
	at sun.reflect.NativeMethodAccessorImpl.invoke(NativeMethodAccessorImpl.java:57)
	at sun.reflect.DelegatingMethodAccessorImpl.invoke(DelegatingMethodAccessorImpl.java:43)
	at java.lang.reflect.Method.invoke(Method.java:601)
	at org.apache.maven.surefire.util.ReflectionUtils.invokeMethodWithArray(ReflectionUtils.java:189)
	at org.apache.maven.surefire.booter.ProviderFactory$ProviderProxy.invoke(ProviderFactory.java:165)
	at org.apache.maven.surefire.booter.ProviderFactory.invokeProvider(ProviderFactory.java:85)
	at org.apache.maven.surefire.booter.ForkedBooter.runSuitesInProcess(ForkedBooter.java:103)
	at org.apache.maven.surefire.booter.ForkedBooter.main(ForkedBooter.java:74)
22:09:31,067  WARN TestContextManager:397 - Caught exception while allowing TestExecutionListener [com.github.springtestdbunit.DbUnitTestExecutionListener@6c16586c] to process 'after' execution for test: method [public void com.vhealth.api.dao.UserDaoTest.shouldReturnNullIfUserNotFound() throws java.lang.Exception], instance [com.vhealth.api.dao.UserDaoTest@c616915], exception [null]
java.lang.NullPointerException
	at com.github.springtestdbunit.DbUnitRunner.afterTestMethod(DbUnitRunner.java:93)
	at com.github.springtestdbunit.DbUnitTestExecutionListener.afterTestMethod(DbUnitTestExecutionListener.java:141)
	at org.springframework.test.context.TestContextManager.afterTestMethod(TestContextManager.java:395)
	at org.springframework.test.context.testng.AbstractTestNGSpringContextTests.springTestContextAfterTestMethod(AbstractTestNGSpringContextTests.java:176)
	at sun.reflect.NativeMethodAccessorImpl.invoke0(Native Method)
	at sun.reflect.NativeMethodAccessorImpl.invoke(NativeMethodAccessorImpl.java:57)
	at sun.reflect.DelegatingMethodAccessorImpl.invoke(DelegatingMethodAccessorImpl.java:43)
	at java.lang.reflect.Method.invoke(Method.java:601)
	at org.testng.internal.MethodInvocationHelper.invokeMethod(MethodInvocationHelper.java:80)
	at org.testng.internal.Invoker.invokeConfigurationMethod(Invoker.java:564)
	at org.testng.internal.Invoker.invokeConfigurations(Invoker.java:213)
	at org.testng.internal.Invoker.invokeMethod(Invoker.java:786)
	at org.testng.internal.Invoker.invokeTestMethod(Invoker.java:901)
	at org.testng.internal.Invoker.invokeTestMethods(Invoker.java:1231)
	at org.testng.internal.TestMethodWorker.invokeTestMethods(TestMethodWorker.java:127)
	at org.testng.internal.TestMethodWorker.run(TestMethodWorker.java:111)
	at org.testng.TestRunner.privateRun(TestRunner.java:767)
	at org.testng.TestRunner.run(TestRunner.java:617)
	at org.testng.SuiteRunner.runTest(SuiteRunner.java:334)
	at org.testng.SuiteRunner.runSequentially(SuiteRunner.java:329)
	at org.testng.SuiteRunner.privateRun(SuiteRunner.java:291)
	at org.testng.SuiteRunner.run(SuiteRunner.java:240)
	at org.testng.SuiteRunnerWorker.runSuite(SuiteRunnerWorker.java:52)
	at org.testng.SuiteRunnerWorker.run(SuiteRunnerWorker.java:86)
	at org.testng.TestNG.runSuitesSequentially(TestNG.java:1198)
	at org.testng.TestNG.runSuitesLocally(TestNG.java:1123)
	at org.testng.TestNG.run(TestNG.java:1031)
	at org.apache.maven.surefire.testng.TestNGExecutor.run(TestNGExecutor.java:76)
	at org.apache.maven.surefire.testng.TestNGDirectoryTestSuite.executeMulti(TestNGDirectoryTestSuite.java:161)
	at org.apache.maven.surefire.testng.TestNGDirectoryTestSuite.execute(TestNGDirectoryTestSuite.java:101)
	at org.apache.maven.surefire.testng.TestNGProvider.invoke(TestNGProvider.java:115)
	at sun.reflect.NativeMethodAccessorImpl.invoke0(Native Method)
	at sun.reflect.NativeMethodAccessorImpl.invoke(NativeMethodAccessorImpl.java:57)
	at sun.reflect.DelegatingMethodAccessorImpl.invoke(DelegatingMethodAccessorImpl.java:43)
	at java.lang.reflect.Method.invoke(Method.java:601)
	at org.apache.maven.surefire.util.ReflectionUtils.invokeMethodWithArray(ReflectionUtils.java:189)
	at org.apache.maven.surefire.booter.ProviderFactory$ProviderProxy.invoke(ProviderFactory.java:165)
	at org.apache.maven.surefire.booter.ProviderFactory.invokeProvider(ProviderFactory.java:85)
	at org.apache.maven.surefire.booter.ForkedBooter.runSuitesInProcess(ForkedBooter.java:103)
	at org.apache.maven.surefire.booter.ForkedBooter.main(ForkedBooter.java:74)
22:09:31,072  WARN TestContextManager:397 - Caught exception while allowing TestExecutionListener [com.github.springtestdbunit.DbUnitTestExecutionListener@6c16586c] to process 'after' execution for test: method [public void com.vhealth.api.dao.UserDaoTest.shouldSearchUserByUsername() throws java.lang.Exception], instance [com.vhealth.api.dao.UserDaoTest@c616915], exception [null]
java.lang.NullPointerException
	at com.github.springtestdbunit.DbUnitRunner.afterTestMethod(DbUnitRunner.java:93)
	at com.github.springtestdbunit.DbUnitTestExecutionListener.afterTestMethod(DbUnitTestExecutionListener.java:141)
	at org.springframework.test.context.TestContextManager.afterTestMethod(TestContextManager.java:395)
	at org.springframework.test.context.testng.AbstractTestNGSpringContextTests.springTestContextAfterTestMethod(AbstractTestNGSpringContextTests.java:176)
	at sun.reflect.NativeMethodAccessorImpl.invoke0(Native Method)
	at sun.reflect.NativeMethodAccessorImpl.invoke(NativeMethodAccessorImpl.java:57)
	at sun.reflect.DelegatingMethodAccessorImpl.invoke(DelegatingMethodAccessorImpl.java:43)
	at java.lang.reflect.Method.invoke(Method.java:601)
	at org.testng.internal.MethodInvocationHelper.invokeMethod(MethodInvocationHelper.java:80)
	at org.testng.internal.Invoker.invokeConfigurationMethod(Invoker.java:564)
	at org.testng.internal.Invoker.invokeConfigurations(Invoker.java:213)
	at org.testng.internal.Invoker.invokeMethod(Invoker.java:786)
	at org.testng.internal.Invoker.invokeTestMethod(Invoker.java:901)
	at org.testng.internal.Invoker.invokeTestMethods(Invoker.java:1231)
	at org.testng.internal.TestMethodWorker.invokeTestMethods(TestMethodWorker.java:127)
	at org.testng.internal.TestMethodWorker.run(TestMethodWorker.java:111)
	at org.testng.TestRunner.privateRun(TestRunner.java:767)
	at org.testng.TestRunner.run(TestRunner.java:617)
	at org.testng.SuiteRunner.runTest(SuiteRunner.java:334)
	at org.testng.SuiteRunner.runSequentially(SuiteRunner.java:329)
	at org.testng.SuiteRunner.privateRun(SuiteRunner.java:291)
	at org.testng.SuiteRunner.run(SuiteRunner.java:240)
	at org.testng.SuiteRunnerWorker.runSuite(SuiteRunnerWorker.java:52)
	at org.testng.SuiteRunnerWorker.run(SuiteRunnerWorker.java:86)
	at org.testng.TestNG.runSuitesSequentially(TestNG.java:1198)
	at org.testng.TestNG.runSuitesLocally(TestNG.java:1123)
	at org.testng.TestNG.run(TestNG.java:1031)
	at org.apache.maven.surefire.testng.TestNGExecutor.run(TestNGExecutor.java:76)
	at org.apache.maven.surefire.testng.TestNGDirectoryTestSuite.executeMulti(TestNGDirectoryTestSuite.java:161)
	at org.apache.maven.surefire.testng.TestNGDirectoryTestSuite.execute(TestNGDirectoryTestSuite.java:101)
	at org.apache.maven.surefire.testng.TestNGProvider.invoke(TestNGProvider.java:115)
	at sun.reflect.NativeMethodAccessorImpl.invoke0(Native Method)
	at sun.reflect.NativeMethodAccessorImpl.invoke(NativeMethodAccessorImpl.java:57)
	at sun.reflect.DelegatingMethodAccessorImpl.invoke(DelegatingMethodAccessorImpl.java:43)
	at java.lang.reflect.Method.invoke(Method.java:601)
	at org.apache.maven.surefire.util.ReflectionUtils.invokeMethodWithArray(ReflectionUtils.java:189)
	at org.apache.maven.surefire.booter.ProviderFactory$ProviderProxy.invoke(ProviderFactory.java:165)
	at org.apache.maven.surefire.booter.ProviderFactory.invokeProvider(ProviderFactory.java:85)
	at org.apache.maven.surefire.booter.ForkedBooter.runSuitesInProcess(ForkedBooter.java:103)
	at org.apache.maven.surefire.booter.ForkedBooter.main(ForkedBooter.java:74)
22:09:31,079  WARN TestContextManager:397 - Caught exception while allowing TestExecutionListener [com.github.springtestdbunit.DbUnitTestExecutionListener@761ced21] to process 'after' execution for test: method [public void com.vhealth.api.service.UserServiceTest.shouldFindAllUsers() throws java.lang.Exception], instance [com.vhealth.api.service.UserServiceTest@4e2f40f4], exception [null]
java.lang.NullPointerException
	at com.github.springtestdbunit.DbUnitRunner.afterTestMethod(DbUnitRunner.java:93)
	at com.github.springtestdbunit.DbUnitTestExecutionListener.afterTestMethod(DbUnitTestExecutionListener.java:141)
	at org.springframework.test.context.TestContextManager.afterTestMethod(TestContextManager.java:395)
	at org.springframework.test.context.testng.AbstractTestNGSpringContextTests.springTestContextAfterTestMethod(AbstractTestNGSpringContextTests.java:176)
	at sun.reflect.NativeMethodAccessorImpl.invoke0(Native Method)
	at sun.reflect.NativeMethodAccessorImpl.invoke(NativeMethodAccessorImpl.java:57)
	at sun.reflect.DelegatingMethodAccessorImpl.invoke(DelegatingMethodAccessorImpl.java:43)
	at java.lang.reflect.Method.invoke(Method.java:601)
	at org.testng.internal.MethodInvocationHelper.invokeMethod(MethodInvocationHelper.java:80)
	at org.testng.internal.Invoker.invokeConfigurationMethod(Invoker.java:564)
	at org.testng.internal.Invoker.invokeConfigurations(Invoker.java:213)
	at org.testng.internal.Invoker.invokeMethod(Invoker.java:786)
	at org.testng.internal.Invoker.invokeTestMethod(Invoker.java:901)
	at org.testng.internal.Invoker.invokeTestMethods(Invoker.java:1231)
	at org.testng.internal.TestMethodWorker.invokeTestMethods(TestMethodWorker.java:127)
	at org.testng.internal.TestMethodWorker.run(TestMethodWorker.java:111)
	at org.testng.TestRunner.privateRun(TestRunner.java:767)
	at org.testng.TestRunner.run(TestRunner.java:617)
	at org.testng.SuiteRunner.runTest(SuiteRunner.java:334)
	at org.testng.SuiteRunner.runSequentially(SuiteRunner.java:329)
	at org.testng.SuiteRunner.privateRun(SuiteRunner.java:291)
	at org.testng.SuiteRunner.run(SuiteRunner.java:240)
	at org.testng.SuiteRunnerWorker.runSuite(SuiteRunnerWorker.java:52)
	at org.testng.SuiteRunnerWorker.run(SuiteRunnerWorker.java:86)
	at org.testng.TestNG.runSuitesSequentially(TestNG.java:1198)
	at org.testng.TestNG.runSuitesLocally(TestNG.java:1123)
	at org.testng.TestNG.run(TestNG.java:1031)
	at org.apache.maven.surefire.testng.TestNGExecutor.run(TestNGExecutor.java:76)
	at org.apache.maven.surefire.testng.TestNGDirectoryTestSuite.executeMulti(TestNGDirectoryTestSuite.java:161)
	at org.apache.maven.surefire.testng.TestNGDirectoryTestSuite.execute(TestNGDirectoryTestSuite.java:101)
	at org.apache.maven.surefire.testng.TestNGProvider.invoke(TestNGProvider.java:115)
	at sun.reflect.NativeMethodAccessorImpl.invoke0(Native Method)
	at sun.reflect.NativeMethodAccessorImpl.invoke(NativeMethodAccessorImpl.java:57)
	at sun.reflect.DelegatingMethodAccessorImpl.invoke(DelegatingMethodAccessorImpl.java:43)
	at java.lang.reflect.Method.invoke(Method.java:601)
	at org.apache.maven.surefire.util.ReflectionUtils.invokeMethodWithArray(ReflectionUtils.java:189)
	at org.apache.maven.surefire.booter.ProviderFactory$ProviderProxy.invoke(ProviderFactory.java:165)
	at org.apache.maven.surefire.booter.ProviderFactory.invokeProvider(ProviderFactory.java:85)
	at org.apache.maven.surefire.booter.ForkedBooter.runSuitesInProcess(ForkedBooter.java:103)
	at org.apache.maven.surefire.booter.ForkedBooter.main(ForkedBooter.java:74)
22:09:31,085  WARN TestContextManager:397 - Caught exception while allowing TestExecutionListener [com.github.springtestdbunit.DbUnitTestExecutionListener@761ced21] to process 'after' execution for test: method [public void com.vhealth.api.service.UserServiceTest.shouldFindExistingUser() throws java.lang.Exception], instance [com.vhealth.api.service.UserServiceTest@4e2f40f4], exception [null]
java.lang.NullPointerException
	at com.github.springtestdbunit.DbUnitRunner.afterTestMethod(DbUnitRunner.java:93)
	at com.github.springtestdbunit.DbUnitTestExecutionListener.afterTestMethod(DbUnitTestExecutionListener.java:141)
	at org.springframework.test.context.TestContextManager.afterTestMethod(TestContextManager.java:395)
	at org.springframework.test.context.testng.AbstractTestNGSpringContextTests.springTestContextAfterTestMethod(AbstractTestNGSpringContextTests.java:176)
	at sun.reflect.NativeMethodAccessorImpl.invoke0(Native Method)
	at sun.reflect.NativeMethodAccessorImpl.invoke(NativeMethodAccessorImpl.java:57)
	at sun.reflect.DelegatingMethodAccessorImpl.invoke(DelegatingMethodAccessorImpl.java:43)
	at java.lang.reflect.Method.invoke(Method.java:601)
	at org.testng.internal.MethodInvocationHelper.invokeMethod(MethodInvocationHelper.java:80)
	at org.testng.internal.Invoker.invokeConfigurationMethod(Invoker.java:564)
	at org.testng.internal.Invoker.invokeConfigurations(Invoker.java:213)
	at org.testng.internal.Invoker.invokeMethod(Invoker.java:786)
	at org.testng.internal.Invoker.invokeTestMethod(Invoker.java:901)
	at org.testng.internal.Invoker.invokeTestMethods(Invoker.java:1231)
	at org.testng.internal.TestMethodWorker.invokeTestMethods(TestMethodWorker.java:127)
	at org.testng.internal.TestMethodWorker.run(TestMethodWorker.java:111)
	at org.testng.TestRunner.privateRun(TestRunner.java:767)
	at org.testng.TestRunner.run(TestRunner.java:617)
	at org.testng.SuiteRunner.runTest(SuiteRunner.java:334)
	at org.testng.SuiteRunner.runSequentially(SuiteRunner.java:329)
	at org.testng.SuiteRunner.privateRun(SuiteRunner.java:291)
	at org.testng.SuiteRunner.run(SuiteRunner.java:240)
	at org.testng.SuiteRunnerWorker.runSuite(SuiteRunnerWorker.java:52)
	at org.testng.SuiteRunnerWorker.run(SuiteRunnerWorker.java:86)
	at org.testng.TestNG.runSuitesSequentially(TestNG.java:1198)
	at org.testng.TestNG.runSuitesLocally(TestNG.java:1123)
	at org.testng.TestNG.run(TestNG.java:1031)
	at org.apache.maven.surefire.testng.TestNGExecutor.run(TestNGExecutor.java:76)
	at org.apache.maven.surefire.testng.TestNGDirectoryTestSuite.executeMulti(TestNGDirectoryTestSuite.java:161)
	at org.apache.maven.surefire.testng.TestNGDirectoryTestSuite.execute(TestNGDirectoryTestSuite.java:101)
	at org.apache.maven.surefire.testng.TestNGProvider.invoke(TestNGProvider.java:115)
	at sun.reflect.NativeMethodAccessorImpl.invoke0(Native Method)
	at sun.reflect.NativeMethodAccessorImpl.invoke(NativeMethodAccessorImpl.java:57)
	at sun.reflect.DelegatingMethodAccessorImpl.invoke(DelegatingMethodAccessorImpl.java:43)
	at java.lang.reflect.Method.invoke(Method.java:601)
	at org.apache.maven.surefire.util.ReflectionUtils.invokeMethodWithArray(ReflectionUtils.java:189)
	at org.apache.maven.surefire.booter.ProviderFactory$ProviderProxy.invoke(ProviderFactory.java:165)
	at org.apache.maven.surefire.booter.ProviderFactory.invokeProvider(ProviderFactory.java:85)
	at org.apache.maven.surefire.booter.ForkedBooter.runSuitesInProcess(ForkedBooter.java:103)
	at org.apache.maven.surefire.booter.ForkedBooter.main(ForkedBooter.java:74)
